ARM GAS  C:\Users\FASCIN~1\AppData\Local\Temp\ccb3MOyF.s 			page 1


   1              		.cpu cortex-m4
   2              		.eabi_attribute 27, 1
   3              		.eabi_attribute 28, 1
   4              		.eabi_attribute 20, 1
   5              		.eabi_attribute 21, 1
   6              		.eabi_attribute 23, 3
   7              		.eabi_attribute 24, 1
   8              		.eabi_attribute 25, 1
   9              		.eabi_attribute 26, 1
  10              		.eabi_attribute 30, 1
  11              		.eabi_attribute 34, 1
  12              		.eabi_attribute 18, 4
  13              		.file	"main.c"
  14              		.text
  15              	.Ltext0:
  16              		.cfi_sections	.debug_frame
  17              		.section	.text.Error_Handler,"ax",%progbits
  18              		.align	1
  19              		.global	Error_Handler
  20              		.arch armv7e-m
  21              		.syntax unified
  22              		.thumb
  23              		.thumb_func
  24              		.fpu fpv4-sp-d16
  26              	Error_Handler:
  27              	.LFB132:
  28              		.file 1 "Core/Src/main.c"
   1:Core/Src/main.c **** /* USER CODE BEGIN Header */
   2:Core/Src/main.c **** /**
   3:Core/Src/main.c ****   ******************************************************************************
   4:Core/Src/main.c ****   * @file           : main.c
   5:Core/Src/main.c ****   * @brief          : Main program body
   6:Core/Src/main.c ****   ******************************************************************************
   7:Core/Src/main.c ****   * @attention
   8:Core/Src/main.c ****   *
   9:Core/Src/main.c ****   * Copyright (c) 2025 STMicroelectronics.
  10:Core/Src/main.c ****   * All rights reserved.
  11:Core/Src/main.c ****   *
  12:Core/Src/main.c ****   * This software is licensed under terms that can be found in the LICENSE file
  13:Core/Src/main.c ****   * in the root directory of this software component.
  14:Core/Src/main.c ****   * If no LICENSE file comes with this software, it is provided AS-IS.
  15:Core/Src/main.c ****   *
  16:Core/Src/main.c ****   ******************************************************************************
  17:Core/Src/main.c ****   */
  18:Core/Src/main.c **** /* USER CODE END Header */
  19:Core/Src/main.c **** /* Includes ------------------------------------------------------------------*/
  20:Core/Src/main.c **** #include "main.h"
  21:Core/Src/main.c **** #include "gpio.h"
  22:Core/Src/main.c **** 
  23:Core/Src/main.c **** /* Private includes ----------------------------------------------------------*/
  24:Core/Src/main.c **** /* USER CODE BEGIN Includes */
  25:Core/Src/main.c **** 
  26:Core/Src/main.c **** /* USER CODE END Includes */
  27:Core/Src/main.c **** 
  28:Core/Src/main.c **** /* Private typedef -----------------------------------------------------------*/
  29:Core/Src/main.c **** /* USER CODE BEGIN PTD */
  30:Core/Src/main.c **** 
ARM GAS  C:\Users\FASCIN~1\AppData\Local\Temp\ccb3MOyF.s 			page 2


  31:Core/Src/main.c **** /* USER CODE END PTD */
  32:Core/Src/main.c **** 
  33:Core/Src/main.c **** /* Private define ------------------------------------------------------------*/
  34:Core/Src/main.c **** /* USER CODE BEGIN PD */
  35:Core/Src/main.c **** 
  36:Core/Src/main.c **** /* USER CODE END PD */
  37:Core/Src/main.c **** 
  38:Core/Src/main.c **** /* Private macro -------------------------------------------------------------*/
  39:Core/Src/main.c **** /* USER CODE BEGIN PM */
  40:Core/Src/main.c **** 
  41:Core/Src/main.c **** /* USER CODE END PM */
  42:Core/Src/main.c **** 
  43:Core/Src/main.c **** /* Private variables ---------------------------------------------------------*/
  44:Core/Src/main.c **** 
  45:Core/Src/main.c **** /* USER CODE BEGIN PV */
  46:Core/Src/main.c **** 
  47:Core/Src/main.c **** /* USER CODE END PV */
  48:Core/Src/main.c **** 
  49:Core/Src/main.c **** /* Private function prototypes -----------------------------------------------*/
  50:Core/Src/main.c **** void SystemClock_Config(void);
  51:Core/Src/main.c **** /* USER CODE BEGIN PFP */
  52:Core/Src/main.c **** 
  53:Core/Src/main.c **** /* USER CODE END PFP */
  54:Core/Src/main.c **** 
  55:Core/Src/main.c **** /* Private user code ---------------------------------------------------------*/
  56:Core/Src/main.c **** /* USER CODE BEGIN 0 */
  57:Core/Src/main.c **** 
  58:Core/Src/main.c **** /* USER CODE END 0 */
  59:Core/Src/main.c **** 
  60:Core/Src/main.c **** /**
  61:Core/Src/main.c ****   * @brief  The application entry point.
  62:Core/Src/main.c ****   * @retval int
  63:Core/Src/main.c ****   */
  64:Core/Src/main.c **** int main(void)
  65:Core/Src/main.c **** {
  66:Core/Src/main.c **** 
  67:Core/Src/main.c ****   /* USER CODE BEGIN 1 */
  68:Core/Src/main.c **** 
  69:Core/Src/main.c ****   /* USER CODE END 1 */
  70:Core/Src/main.c **** 
  71:Core/Src/main.c ****   /* MCU Configuration--------------------------------------------------------*/
  72:Core/Src/main.c **** 
  73:Core/Src/main.c ****   /* Reset of all peripherals, Initializes the Flash interface and the Systick. */
  74:Core/Src/main.c ****   HAL_Init();
  75:Core/Src/main.c **** 
  76:Core/Src/main.c ****   /* USER CODE BEGIN Init */
  77:Core/Src/main.c **** 
  78:Core/Src/main.c ****   /* USER CODE END Init */
  79:Core/Src/main.c **** 
  80:Core/Src/main.c ****   /* Configure the system clock */
  81:Core/Src/main.c ****   SystemClock_Config();
  82:Core/Src/main.c **** 
  83:Core/Src/main.c ****   /* USER CODE BEGIN SysInit */
  84:Core/Src/main.c **** 
  85:Core/Src/main.c ****   /* USER CODE END SysInit */
  86:Core/Src/main.c **** 
  87:Core/Src/main.c ****   /* Initialize all configured peripherals */
ARM GAS  C:\Users\FASCIN~1\AppData\Local\Temp\ccb3MOyF.s 			page 3


  88:Core/Src/main.c ****   MX_GPIO_Init();
  89:Core/Src/main.c ****   /* USER CODE BEGIN 2 */
  90:Core/Src/main.c **** 
  91:Core/Src/main.c ****   /* USER CODE END 2 */
  92:Core/Src/main.c **** 
  93:Core/Src/main.c ****   /* Infinite loop */
  94:Core/Src/main.c ****   /* USER CODE BEGIN WHILE */
  95:Core/Src/main.c ****   while (1)
  96:Core/Src/main.c ****   {
  97:Core/Src/main.c ****     /* USER CODE END WHILE */
  98:Core/Src/main.c **** 
  99:Core/Src/main.c ****     /* USER CODE BEGIN 3 */
 100:Core/Src/main.c ****   }
 101:Core/Src/main.c ****   /* USER CODE END 3 */
 102:Core/Src/main.c **** }
 103:Core/Src/main.c **** 
 104:Core/Src/main.c **** /**
 105:Core/Src/main.c ****   * @brief System Clock Configuration
 106:Core/Src/main.c ****   * @retval None
 107:Core/Src/main.c ****   */
 108:Core/Src/main.c **** void SystemClock_Config(void)
 109:Core/Src/main.c **** {
 110:Core/Src/main.c ****   RCC_OscInitTypeDef RCC_OscInitStruct = {0};
 111:Core/Src/main.c ****   RCC_ClkInitTypeDef RCC_ClkInitStruct = {0};
 112:Core/Src/main.c **** 
 113:Core/Src/main.c ****   /** Configure the main internal regulator output voltage
 114:Core/Src/main.c ****   */
 115:Core/Src/main.c ****   __HAL_RCC_PWR_CLK_ENABLE();
 116:Core/Src/main.c ****   __HAL_PWR_VOLTAGESCALING_CONFIG(PWR_REGULATOR_VOLTAGE_SCALE1);
 117:Core/Src/main.c **** 
 118:Core/Src/main.c ****   /** Initializes the RCC Oscillators according to the specified parameters
 119:Core/Src/main.c ****   * in the RCC_OscInitTypeDef structure.
 120:Core/Src/main.c ****   */
 121:Core/Src/main.c ****   RCC_OscInitStruct.OscillatorType = RCC_OSCILLATORTYPE_HSE;
 122:Core/Src/main.c ****   RCC_OscInitStruct.HSEState = RCC_HSE_ON;
 123:Core/Src/main.c ****   RCC_OscInitStruct.PLL.PLLState = RCC_PLL_ON;
 124:Core/Src/main.c ****   RCC_OscInitStruct.PLL.PLLSource = RCC_PLLSOURCE_HSE;
 125:Core/Src/main.c ****   RCC_OscInitStruct.PLL.PLLM = 6;
 126:Core/Src/main.c ****   RCC_OscInitStruct.PLL.PLLN = 168;
 127:Core/Src/main.c ****   RCC_OscInitStruct.PLL.PLLP = RCC_PLLP_DIV2;
 128:Core/Src/main.c ****   RCC_OscInitStruct.PLL.PLLQ = 4;
 129:Core/Src/main.c ****   if (HAL_RCC_OscConfig(&RCC_OscInitStruct) != HAL_OK)
 130:Core/Src/main.c ****   {
 131:Core/Src/main.c ****     Error_Handler();
 132:Core/Src/main.c ****   }
 133:Core/Src/main.c **** 
 134:Core/Src/main.c ****   /** Initializes the CPU, AHB and APB buses clocks
 135:Core/Src/main.c ****   */
 136:Core/Src/main.c ****   RCC_ClkInitStruct.ClockType = RCC_CLOCKTYPE_HCLK|RCC_CLOCKTYPE_SYSCLK
 137:Core/Src/main.c ****                               |RCC_CLOCKTYPE_PCLK1|RCC_CLOCKTYPE_PCLK2;
 138:Core/Src/main.c ****   RCC_ClkInitStruct.SYSCLKSource = RCC_SYSCLKSOURCE_PLLCLK;
 139:Core/Src/main.c ****   RCC_ClkInitStruct.AHBCLKDivider = RCC_SYSCLK_DIV1;
 140:Core/Src/main.c ****   RCC_ClkInitStruct.APB1CLKDivider = RCC_HCLK_DIV4;
 141:Core/Src/main.c ****   RCC_ClkInitStruct.APB2CLKDivider = RCC_HCLK_DIV2;
 142:Core/Src/main.c **** 
 143:Core/Src/main.c ****   if (HAL_RCC_ClockConfig(&RCC_ClkInitStruct, FLASH_LATENCY_5) != HAL_OK)
 144:Core/Src/main.c ****   {
ARM GAS  C:\Users\FASCIN~1\AppData\Local\Temp\ccb3MOyF.s 			page 4


 145:Core/Src/main.c ****     Error_Handler();
 146:Core/Src/main.c ****   }
 147:Core/Src/main.c **** }
 148:Core/Src/main.c **** 
 149:Core/Src/main.c **** /* USER CODE BEGIN 4 */
 150:Core/Src/main.c **** 
 151:Core/Src/main.c **** /* USER CODE END 4 */
 152:Core/Src/main.c **** 
 153:Core/Src/main.c **** /**
 154:Core/Src/main.c ****   * @brief  This function is executed in case of error occurrence.
 155:Core/Src/main.c ****   * @retval None
 156:Core/Src/main.c ****   */
 157:Core/Src/main.c **** void Error_Handler(void)
 158:Core/Src/main.c **** {
  29              		.loc 1 158 1 view -0
  30              		.cfi_startproc
  31              		@ Volatile: function does not return.
  32              		@ args = 0, pretend = 0, frame = 0
  33              		@ frame_needed = 0, uses_anonymous_args = 0
  34              		@ link register save eliminated.
 159:Core/Src/main.c ****   /* USER CODE BEGIN Error_Handler_Debug */
 160:Core/Src/main.c ****   /* User can add his own implementation to report the HAL error return state */
 161:Core/Src/main.c ****   __disable_irq();
  35              		.loc 1 161 3 view .LVU1
  36              	.LBB4:
  37              	.LBI4:
  38              		.file 2 "Drivers/CMSIS/Include/cmsis_gcc.h"
   1:Drivers/CMSIS/Include/cmsis_gcc.h **** /**************************************************************************//**
   2:Drivers/CMSIS/Include/cmsis_gcc.h ****  * @file     cmsis_gcc.h
   3:Drivers/CMSIS/Include/cmsis_gcc.h ****  * @brief    CMSIS compiler GCC header file
   4:Drivers/CMSIS/Include/cmsis_gcc.h ****  * @version  V5.0.4
   5:Drivers/CMSIS/Include/cmsis_gcc.h ****  * @date     09. April 2018
   6:Drivers/CMSIS/Include/cmsis_gcc.h ****  ******************************************************************************/
   7:Drivers/CMSIS/Include/cmsis_gcc.h **** /*
   8:Drivers/CMSIS/Include/cmsis_gcc.h ****  * Copyright (c) 2009-2018 Arm Limited. All rights reserved.
   9:Drivers/CMSIS/Include/cmsis_gcc.h ****  *
  10:Drivers/CMSIS/Include/cmsis_gcc.h ****  * SPDX-License-Identifier: Apache-2.0
  11:Drivers/CMSIS/Include/cmsis_gcc.h ****  *
  12:Drivers/CMSIS/Include/cmsis_gcc.h ****  * Licensed under the Apache License, Version 2.0 (the License); you may
  13:Drivers/CMSIS/Include/cmsis_gcc.h ****  * not use this file except in compliance with the License.
  14:Drivers/CMSIS/Include/cmsis_gcc.h ****  * You may obtain a copy of the License at
  15:Drivers/CMSIS/Include/cmsis_gcc.h ****  *
  16:Drivers/CMSIS/Include/cmsis_gcc.h ****  * www.apache.org/licenses/LICENSE-2.0
  17:Drivers/CMSIS/Include/cmsis_gcc.h ****  *
  18:Drivers/CMSIS/Include/cmsis_gcc.h ****  * Unless required by applicable law or agreed to in writing, software
  19:Drivers/CMSIS/Include/cmsis_gcc.h ****  * distributed under the License is distributed on an AS IS BASIS, WITHOUT
  20:Drivers/CMSIS/Include/cmsis_gcc.h ****  * WARRANTIES OR CONDITIONS OF ANY KIND, either express or implied.
  21:Drivers/CMSIS/Include/cmsis_gcc.h ****  * See the License for the specific language governing permissions and
  22:Drivers/CMSIS/Include/cmsis_gcc.h ****  * limitations under the License.
  23:Drivers/CMSIS/Include/cmsis_gcc.h ****  */
  24:Drivers/CMSIS/Include/cmsis_gcc.h **** 
  25:Drivers/CMSIS/Include/cmsis_gcc.h **** #ifndef __CMSIS_GCC_H
  26:Drivers/CMSIS/Include/cmsis_gcc.h **** #define __CMSIS_GCC_H
  27:Drivers/CMSIS/Include/cmsis_gcc.h **** 
  28:Drivers/CMSIS/Include/cmsis_gcc.h **** /* ignore some GCC warnings */
  29:Drivers/CMSIS/Include/cmsis_gcc.h **** #pragma GCC diagnostic push
  30:Drivers/CMSIS/Include/cmsis_gcc.h **** #pragma GCC diagnostic ignored "-Wsign-conversion"
ARM GAS  C:\Users\FASCIN~1\AppData\Local\Temp\ccb3MOyF.s 			page 5


  31:Drivers/CMSIS/Include/cmsis_gcc.h **** #pragma GCC diagnostic ignored "-Wconversion"
  32:Drivers/CMSIS/Include/cmsis_gcc.h **** #pragma GCC diagnostic ignored "-Wunused-parameter"
  33:Drivers/CMSIS/Include/cmsis_gcc.h **** 
  34:Drivers/CMSIS/Include/cmsis_gcc.h **** /* Fallback for __has_builtin */
  35:Drivers/CMSIS/Include/cmsis_gcc.h **** #ifndef __has_builtin
  36:Drivers/CMSIS/Include/cmsis_gcc.h ****   #define __has_builtin(x) (0)
  37:Drivers/CMSIS/Include/cmsis_gcc.h **** #endif
  38:Drivers/CMSIS/Include/cmsis_gcc.h **** 
  39:Drivers/CMSIS/Include/cmsis_gcc.h **** /* CMSIS compiler specific defines */
  40:Drivers/CMSIS/Include/cmsis_gcc.h **** #ifndef   __ASM
  41:Drivers/CMSIS/Include/cmsis_gcc.h ****   #define __ASM                                  __asm
  42:Drivers/CMSIS/Include/cmsis_gcc.h **** #endif
  43:Drivers/CMSIS/Include/cmsis_gcc.h **** #ifndef   __INLINE
  44:Drivers/CMSIS/Include/cmsis_gcc.h ****   #define __INLINE                               inline
  45:Drivers/CMSIS/Include/cmsis_gcc.h **** #endif
  46:Drivers/CMSIS/Include/cmsis_gcc.h **** #ifndef   __STATIC_INLINE
  47:Drivers/CMSIS/Include/cmsis_gcc.h ****   #define __STATIC_INLINE                        static inline
  48:Drivers/CMSIS/Include/cmsis_gcc.h **** #endif
  49:Drivers/CMSIS/Include/cmsis_gcc.h **** #ifndef   __STATIC_FORCEINLINE                 
  50:Drivers/CMSIS/Include/cmsis_gcc.h ****   #define __STATIC_FORCEINLINE                   __attribute__((always_inline)) static inline
  51:Drivers/CMSIS/Include/cmsis_gcc.h **** #endif                                           
  52:Drivers/CMSIS/Include/cmsis_gcc.h **** #ifndef   __NO_RETURN
  53:Drivers/CMSIS/Include/cmsis_gcc.h ****   #define __NO_RETURN                            __attribute__((__noreturn__))
  54:Drivers/CMSIS/Include/cmsis_gcc.h **** #endif
  55:Drivers/CMSIS/Include/cmsis_gcc.h **** #ifndef   __USED
  56:Drivers/CMSIS/Include/cmsis_gcc.h ****   #define __USED                                 __attribute__((used))
  57:Drivers/CMSIS/Include/cmsis_gcc.h **** #endif
  58:Drivers/CMSIS/Include/cmsis_gcc.h **** #ifndef   __WEAK
  59:Drivers/CMSIS/Include/cmsis_gcc.h ****   #define __WEAK                                 __attribute__((weak))
  60:Drivers/CMSIS/Include/cmsis_gcc.h **** #endif
  61:Drivers/CMSIS/Include/cmsis_gcc.h **** #ifndef   __PACKED
  62:Drivers/CMSIS/Include/cmsis_gcc.h ****   #define __PACKED                               __attribute__((packed, aligned(1)))
  63:Drivers/CMSIS/Include/cmsis_gcc.h **** #endif
  64:Drivers/CMSIS/Include/cmsis_gcc.h **** #ifndef   __PACKED_STRUCT
  65:Drivers/CMSIS/Include/cmsis_gcc.h ****   #define __PACKED_STRUCT                        struct __attribute__((packed, aligned(1)))
  66:Drivers/CMSIS/Include/cmsis_gcc.h **** #endif
  67:Drivers/CMSIS/Include/cmsis_gcc.h **** #ifndef   __PACKED_UNION
  68:Drivers/CMSIS/Include/cmsis_gcc.h ****   #define __PACKED_UNION                         union __attribute__((packed, aligned(1)))
  69:Drivers/CMSIS/Include/cmsis_gcc.h **** #endif
  70:Drivers/CMSIS/Include/cmsis_gcc.h **** #ifndef   __UNALIGNED_UINT32        /* deprecated */
  71:Drivers/CMSIS/Include/cmsis_gcc.h ****   #pragma GCC diagnostic push
  72:Drivers/CMSIS/Include/cmsis_gcc.h ****   #pragma GCC diagnostic ignored "-Wpacked"
  73:Drivers/CMSIS/Include/cmsis_gcc.h ****   #pragma GCC diagnostic ignored "-Wattributes"
  74:Drivers/CMSIS/Include/cmsis_gcc.h ****   struct __attribute__((packed)) T_UINT32 { uint32_t v; };
  75:Drivers/CMSIS/Include/cmsis_gcc.h ****   #pragma GCC diagnostic pop
  76:Drivers/CMSIS/Include/cmsis_gcc.h ****   #define __UNALIGNED_UINT32(x)                  (((struct T_UINT32 *)(x))->v)
  77:Drivers/CMSIS/Include/cmsis_gcc.h **** #endif
  78:Drivers/CMSIS/Include/cmsis_gcc.h **** #ifndef   __UNALIGNED_UINT16_WRITE
  79:Drivers/CMSIS/Include/cmsis_gcc.h ****   #pragma GCC diagnostic push
  80:Drivers/CMSIS/Include/cmsis_gcc.h ****   #pragma GCC diagnostic ignored "-Wpacked"
  81:Drivers/CMSIS/Include/cmsis_gcc.h ****   #pragma GCC diagnostic ignored "-Wattributes"
  82:Drivers/CMSIS/Include/cmsis_gcc.h ****   __PACKED_STRUCT T_UINT16_WRITE { uint16_t v; };
  83:Drivers/CMSIS/Include/cmsis_gcc.h ****   #pragma GCC diagnostic pop
  84:Drivers/CMSIS/Include/cmsis_gcc.h ****   #define __UNALIGNED_UINT16_WRITE(addr, val)    (void)((((struct T_UINT16_WRITE *)(void *)(addr))-
  85:Drivers/CMSIS/Include/cmsis_gcc.h **** #endif
  86:Drivers/CMSIS/Include/cmsis_gcc.h **** #ifndef   __UNALIGNED_UINT16_READ
  87:Drivers/CMSIS/Include/cmsis_gcc.h ****   #pragma GCC diagnostic push
ARM GAS  C:\Users\FASCIN~1\AppData\Local\Temp\ccb3MOyF.s 			page 6


  88:Drivers/CMSIS/Include/cmsis_gcc.h ****   #pragma GCC diagnostic ignored "-Wpacked"
  89:Drivers/CMSIS/Include/cmsis_gcc.h ****   #pragma GCC diagnostic ignored "-Wattributes"
  90:Drivers/CMSIS/Include/cmsis_gcc.h ****   __PACKED_STRUCT T_UINT16_READ { uint16_t v; };
  91:Drivers/CMSIS/Include/cmsis_gcc.h ****   #pragma GCC diagnostic pop
  92:Drivers/CMSIS/Include/cmsis_gcc.h ****   #define __UNALIGNED_UINT16_READ(addr)          (((const struct T_UINT16_READ *)(const void *)(add
  93:Drivers/CMSIS/Include/cmsis_gcc.h **** #endif
  94:Drivers/CMSIS/Include/cmsis_gcc.h **** #ifndef   __UNALIGNED_UINT32_WRITE
  95:Drivers/CMSIS/Include/cmsis_gcc.h ****   #pragma GCC diagnostic push
  96:Drivers/CMSIS/Include/cmsis_gcc.h ****   #pragma GCC diagnostic ignored "-Wpacked"
  97:Drivers/CMSIS/Include/cmsis_gcc.h ****   #pragma GCC diagnostic ignored "-Wattributes"
  98:Drivers/CMSIS/Include/cmsis_gcc.h ****   __PACKED_STRUCT T_UINT32_WRITE { uint32_t v; };
  99:Drivers/CMSIS/Include/cmsis_gcc.h ****   #pragma GCC diagnostic pop
 100:Drivers/CMSIS/Include/cmsis_gcc.h ****   #define __UNALIGNED_UINT32_WRITE(addr, val)    (void)((((struct T_UINT32_WRITE *)(void *)(addr))-
 101:Drivers/CMSIS/Include/cmsis_gcc.h **** #endif
 102:Drivers/CMSIS/Include/cmsis_gcc.h **** #ifndef   __UNALIGNED_UINT32_READ
 103:Drivers/CMSIS/Include/cmsis_gcc.h ****   #pragma GCC diagnostic push
 104:Drivers/CMSIS/Include/cmsis_gcc.h ****   #pragma GCC diagnostic ignored "-Wpacked"
 105:Drivers/CMSIS/Include/cmsis_gcc.h ****   #pragma GCC diagnostic ignored "-Wattributes"
 106:Drivers/CMSIS/Include/cmsis_gcc.h ****   __PACKED_STRUCT T_UINT32_READ { uint32_t v; };
 107:Drivers/CMSIS/Include/cmsis_gcc.h ****   #pragma GCC diagnostic pop
 108:Drivers/CMSIS/Include/cmsis_gcc.h ****   #define __UNALIGNED_UINT32_READ(addr)          (((const struct T_UINT32_READ *)(const void *)(add
 109:Drivers/CMSIS/Include/cmsis_gcc.h **** #endif
 110:Drivers/CMSIS/Include/cmsis_gcc.h **** #ifndef   __ALIGNED
 111:Drivers/CMSIS/Include/cmsis_gcc.h ****   #define __ALIGNED(x)                           __attribute__((aligned(x)))
 112:Drivers/CMSIS/Include/cmsis_gcc.h **** #endif
 113:Drivers/CMSIS/Include/cmsis_gcc.h **** #ifndef   __RESTRICT
 114:Drivers/CMSIS/Include/cmsis_gcc.h ****   #define __RESTRICT                             __restrict
 115:Drivers/CMSIS/Include/cmsis_gcc.h **** #endif
 116:Drivers/CMSIS/Include/cmsis_gcc.h **** 
 117:Drivers/CMSIS/Include/cmsis_gcc.h **** 
 118:Drivers/CMSIS/Include/cmsis_gcc.h **** /* ###########################  Core Function Access  ########################### */
 119:Drivers/CMSIS/Include/cmsis_gcc.h **** /** \ingroup  CMSIS_Core_FunctionInterface
 120:Drivers/CMSIS/Include/cmsis_gcc.h ****     \defgroup CMSIS_Core_RegAccFunctions CMSIS Core Register Access Functions
 121:Drivers/CMSIS/Include/cmsis_gcc.h ****   @{
 122:Drivers/CMSIS/Include/cmsis_gcc.h ****  */
 123:Drivers/CMSIS/Include/cmsis_gcc.h **** 
 124:Drivers/CMSIS/Include/cmsis_gcc.h **** /**
 125:Drivers/CMSIS/Include/cmsis_gcc.h ****   \brief   Enable IRQ Interrupts
 126:Drivers/CMSIS/Include/cmsis_gcc.h ****   \details Enables IRQ interrupts by clearing the I-bit in the CPSR.
 127:Drivers/CMSIS/Include/cmsis_gcc.h ****            Can only be executed in Privileged modes.
 128:Drivers/CMSIS/Include/cmsis_gcc.h ****  */
 129:Drivers/CMSIS/Include/cmsis_gcc.h **** __STATIC_FORCEINLINE void __enable_irq(void)
 130:Drivers/CMSIS/Include/cmsis_gcc.h **** {
 131:Drivers/CMSIS/Include/cmsis_gcc.h ****   __ASM volatile ("cpsie i" : : : "memory");
 132:Drivers/CMSIS/Include/cmsis_gcc.h **** }
 133:Drivers/CMSIS/Include/cmsis_gcc.h **** 
 134:Drivers/CMSIS/Include/cmsis_gcc.h **** 
 135:Drivers/CMSIS/Include/cmsis_gcc.h **** /**
 136:Drivers/CMSIS/Include/cmsis_gcc.h ****   \brief   Disable IRQ Interrupts
 137:Drivers/CMSIS/Include/cmsis_gcc.h ****   \details Disables IRQ interrupts by setting the I-bit in the CPSR.
 138:Drivers/CMSIS/Include/cmsis_gcc.h ****            Can only be executed in Privileged modes.
 139:Drivers/CMSIS/Include/cmsis_gcc.h ****  */
 140:Drivers/CMSIS/Include/cmsis_gcc.h **** __STATIC_FORCEINLINE void __disable_irq(void)
  39              		.loc 2 140 27 view .LVU2
  40              	.LBB5:
 141:Drivers/CMSIS/Include/cmsis_gcc.h **** {
 142:Drivers/CMSIS/Include/cmsis_gcc.h ****   __ASM volatile ("cpsid i" : : : "memory");
ARM GAS  C:\Users\FASCIN~1\AppData\Local\Temp\ccb3MOyF.s 			page 7


  41              		.loc 2 142 3 view .LVU3
  42              		.syntax unified
  43              	@ 142 "Drivers/CMSIS/Include/cmsis_gcc.h" 1
  44 0000 72B6     		cpsid i
  45              	@ 0 "" 2
  46              		.thumb
  47              		.syntax unified
  48              	.L2:
  49              	.LBE5:
  50              	.LBE4:
 162:Core/Src/main.c ****   while (1)
  51              		.loc 1 162 3 discriminator 1 view .LVU4
 163:Core/Src/main.c ****   {
 164:Core/Src/main.c ****   }
  52              		.loc 1 164 3 discriminator 1 view .LVU5
 162:Core/Src/main.c ****   while (1)
  53              		.loc 1 162 9 discriminator 1 view .LVU6
  54 0002 FEE7     		b	.L2
  55              		.cfi_endproc
  56              	.LFE132:
  58              		.section	.text.SystemClock_Config,"ax",%progbits
  59              		.align	1
  60              		.global	SystemClock_Config
  61              		.syntax unified
  62              		.thumb
  63              		.thumb_func
  64              		.fpu fpv4-sp-d16
  66              	SystemClock_Config:
  67              	.LFB131:
 109:Core/Src/main.c ****   RCC_OscInitTypeDef RCC_OscInitStruct = {0};
  68              		.loc 1 109 1 view -0
  69              		.cfi_startproc
  70              		@ args = 0, pretend = 0, frame = 80
  71              		@ frame_needed = 0, uses_anonymous_args = 0
  72 0000 00B5     		push	{lr}
  73              		.cfi_def_cfa_offset 4
  74              		.cfi_offset 14, -4
  75 0002 95B0     		sub	sp, sp, #84
  76              		.cfi_def_cfa_offset 88
 110:Core/Src/main.c ****   RCC_ClkInitTypeDef RCC_ClkInitStruct = {0};
  77              		.loc 1 110 3 view .LVU8
 110:Core/Src/main.c ****   RCC_ClkInitTypeDef RCC_ClkInitStruct = {0};
  78              		.loc 1 110 22 is_stmt 0 view .LVU9
  79 0004 3022     		movs	r2, #48
  80 0006 0021     		movs	r1, #0
  81 0008 08A8     		add	r0, sp, #32
  82 000a FFF7FEFF 		bl	memset
  83              	.LVL0:
 111:Core/Src/main.c **** 
  84              		.loc 1 111 3 is_stmt 1 view .LVU10
 111:Core/Src/main.c **** 
  85              		.loc 1 111 22 is_stmt 0 view .LVU11
  86 000e 0023     		movs	r3, #0
  87 0010 0393     		str	r3, [sp, #12]
  88 0012 0493     		str	r3, [sp, #16]
  89 0014 0593     		str	r3, [sp, #20]
  90 0016 0693     		str	r3, [sp, #24]
ARM GAS  C:\Users\FASCIN~1\AppData\Local\Temp\ccb3MOyF.s 			page 8


  91 0018 0793     		str	r3, [sp, #28]
 115:Core/Src/main.c ****   __HAL_PWR_VOLTAGESCALING_CONFIG(PWR_REGULATOR_VOLTAGE_SCALE1);
  92              		.loc 1 115 3 is_stmt 1 view .LVU12
  93              	.LBB6:
 115:Core/Src/main.c ****   __HAL_PWR_VOLTAGESCALING_CONFIG(PWR_REGULATOR_VOLTAGE_SCALE1);
  94              		.loc 1 115 3 view .LVU13
  95 001a 0193     		str	r3, [sp, #4]
 115:Core/Src/main.c ****   __HAL_PWR_VOLTAGESCALING_CONFIG(PWR_REGULATOR_VOLTAGE_SCALE1);
  96              		.loc 1 115 3 view .LVU14
  97 001c 204A     		ldr	r2, .L9
  98 001e 116C     		ldr	r1, [r2, #64]
  99 0020 41F08051 		orr	r1, r1, #268435456
 100 0024 1164     		str	r1, [r2, #64]
 115:Core/Src/main.c ****   __HAL_PWR_VOLTAGESCALING_CONFIG(PWR_REGULATOR_VOLTAGE_SCALE1);
 101              		.loc 1 115 3 view .LVU15
 102 0026 126C     		ldr	r2, [r2, #64]
 103 0028 02F08052 		and	r2, r2, #268435456
 104 002c 0192     		str	r2, [sp, #4]
 115:Core/Src/main.c ****   __HAL_PWR_VOLTAGESCALING_CONFIG(PWR_REGULATOR_VOLTAGE_SCALE1);
 105              		.loc 1 115 3 view .LVU16
 106 002e 019A     		ldr	r2, [sp, #4]
 107              	.LBE6:
 115:Core/Src/main.c ****   __HAL_PWR_VOLTAGESCALING_CONFIG(PWR_REGULATOR_VOLTAGE_SCALE1);
 108              		.loc 1 115 3 view .LVU17
 116:Core/Src/main.c **** 
 109              		.loc 1 116 3 view .LVU18
 110              	.LBB7:
 116:Core/Src/main.c **** 
 111              		.loc 1 116 3 view .LVU19
 112 0030 0293     		str	r3, [sp, #8]
 116:Core/Src/main.c **** 
 113              		.loc 1 116 3 view .LVU20
 114 0032 1C4B     		ldr	r3, .L9+4
 115 0034 1A68     		ldr	r2, [r3]
 116 0036 42F48042 		orr	r2, r2, #16384
 117 003a 1A60     		str	r2, [r3]
 116:Core/Src/main.c **** 
 118              		.loc 1 116 3 view .LVU21
 119 003c 1B68     		ldr	r3, [r3]
 120 003e 03F48043 		and	r3, r3, #16384
 121 0042 0293     		str	r3, [sp, #8]
 116:Core/Src/main.c **** 
 122              		.loc 1 116 3 view .LVU22
 123 0044 029B     		ldr	r3, [sp, #8]
 124              	.LBE7:
 116:Core/Src/main.c **** 
 125              		.loc 1 116 3 view .LVU23
 121:Core/Src/main.c ****   RCC_OscInitStruct.HSEState = RCC_HSE_ON;
 126              		.loc 1 121 3 view .LVU24
 121:Core/Src/main.c ****   RCC_OscInitStruct.HSEState = RCC_HSE_ON;
 127              		.loc 1 121 36 is_stmt 0 view .LVU25
 128 0046 0123     		movs	r3, #1
 129 0048 0893     		str	r3, [sp, #32]
 122:Core/Src/main.c ****   RCC_OscInitStruct.PLL.PLLState = RCC_PLL_ON;
 130              		.loc 1 122 3 is_stmt 1 view .LVU26
 122:Core/Src/main.c ****   RCC_OscInitStruct.PLL.PLLState = RCC_PLL_ON;
 131              		.loc 1 122 30 is_stmt 0 view .LVU27
ARM GAS  C:\Users\FASCIN~1\AppData\Local\Temp\ccb3MOyF.s 			page 9


 132 004a 4FF48033 		mov	r3, #65536
 133 004e 0993     		str	r3, [sp, #36]
 123:Core/Src/main.c ****   RCC_OscInitStruct.PLL.PLLSource = RCC_PLLSOURCE_HSE;
 134              		.loc 1 123 3 is_stmt 1 view .LVU28
 123:Core/Src/main.c ****   RCC_OscInitStruct.PLL.PLLSource = RCC_PLLSOURCE_HSE;
 135              		.loc 1 123 34 is_stmt 0 view .LVU29
 136 0050 0223     		movs	r3, #2
 137 0052 0E93     		str	r3, [sp, #56]
 124:Core/Src/main.c ****   RCC_OscInitStruct.PLL.PLLM = 6;
 138              		.loc 1 124 3 is_stmt 1 view .LVU30
 124:Core/Src/main.c ****   RCC_OscInitStruct.PLL.PLLM = 6;
 139              		.loc 1 124 35 is_stmt 0 view .LVU31
 140 0054 4FF48002 		mov	r2, #4194304
 141 0058 0F92     		str	r2, [sp, #60]
 125:Core/Src/main.c ****   RCC_OscInitStruct.PLL.PLLN = 168;
 142              		.loc 1 125 3 is_stmt 1 view .LVU32
 125:Core/Src/main.c ****   RCC_OscInitStruct.PLL.PLLN = 168;
 143              		.loc 1 125 30 is_stmt 0 view .LVU33
 144 005a 0622     		movs	r2, #6
 145 005c 1092     		str	r2, [sp, #64]
 126:Core/Src/main.c ****   RCC_OscInitStruct.PLL.PLLP = RCC_PLLP_DIV2;
 146              		.loc 1 126 3 is_stmt 1 view .LVU34
 126:Core/Src/main.c ****   RCC_OscInitStruct.PLL.PLLP = RCC_PLLP_DIV2;
 147              		.loc 1 126 30 is_stmt 0 view .LVU35
 148 005e A822     		movs	r2, #168
 149 0060 1192     		str	r2, [sp, #68]
 127:Core/Src/main.c ****   RCC_OscInitStruct.PLL.PLLQ = 4;
 150              		.loc 1 127 3 is_stmt 1 view .LVU36
 127:Core/Src/main.c ****   RCC_OscInitStruct.PLL.PLLQ = 4;
 151              		.loc 1 127 30 is_stmt 0 view .LVU37
 152 0062 1293     		str	r3, [sp, #72]
 128:Core/Src/main.c ****   if (HAL_RCC_OscConfig(&RCC_OscInitStruct) != HAL_OK)
 153              		.loc 1 128 3 is_stmt 1 view .LVU38
 128:Core/Src/main.c ****   if (HAL_RCC_OscConfig(&RCC_OscInitStruct) != HAL_OK)
 154              		.loc 1 128 30 is_stmt 0 view .LVU39
 155 0064 0423     		movs	r3, #4
 156 0066 1393     		str	r3, [sp, #76]
 129:Core/Src/main.c ****   {
 157              		.loc 1 129 3 is_stmt 1 view .LVU40
 129:Core/Src/main.c ****   {
 158              		.loc 1 129 7 is_stmt 0 view .LVU41
 159 0068 08A8     		add	r0, sp, #32
 160 006a FFF7FEFF 		bl	HAL_RCC_OscConfig
 161              	.LVL1:
 129:Core/Src/main.c ****   {
 162              		.loc 1 129 6 view .LVU42
 163 006e 98B9     		cbnz	r0, .L7
 136:Core/Src/main.c ****                               |RCC_CLOCKTYPE_PCLK1|RCC_CLOCKTYPE_PCLK2;
 164              		.loc 1 136 3 is_stmt 1 view .LVU43
 136:Core/Src/main.c ****                               |RCC_CLOCKTYPE_PCLK1|RCC_CLOCKTYPE_PCLK2;
 165              		.loc 1 136 31 is_stmt 0 view .LVU44
 166 0070 0F23     		movs	r3, #15
 167 0072 0393     		str	r3, [sp, #12]
 138:Core/Src/main.c ****   RCC_ClkInitStruct.AHBCLKDivider = RCC_SYSCLK_DIV1;
 168              		.loc 1 138 3 is_stmt 1 view .LVU45
 138:Core/Src/main.c ****   RCC_ClkInitStruct.AHBCLKDivider = RCC_SYSCLK_DIV1;
 169              		.loc 1 138 34 is_stmt 0 view .LVU46
ARM GAS  C:\Users\FASCIN~1\AppData\Local\Temp\ccb3MOyF.s 			page 10


 170 0074 0223     		movs	r3, #2
 171 0076 0493     		str	r3, [sp, #16]
 139:Core/Src/main.c ****   RCC_ClkInitStruct.APB1CLKDivider = RCC_HCLK_DIV4;
 172              		.loc 1 139 3 is_stmt 1 view .LVU47
 139:Core/Src/main.c ****   RCC_ClkInitStruct.APB1CLKDivider = RCC_HCLK_DIV4;
 173              		.loc 1 139 35 is_stmt 0 view .LVU48
 174 0078 0023     		movs	r3, #0
 175 007a 0593     		str	r3, [sp, #20]
 140:Core/Src/main.c ****   RCC_ClkInitStruct.APB2CLKDivider = RCC_HCLK_DIV2;
 176              		.loc 1 140 3 is_stmt 1 view .LVU49
 140:Core/Src/main.c ****   RCC_ClkInitStruct.APB2CLKDivider = RCC_HCLK_DIV2;
 177              		.loc 1 140 36 is_stmt 0 view .LVU50
 178 007c 4FF4A053 		mov	r3, #5120
 179 0080 0693     		str	r3, [sp, #24]
 141:Core/Src/main.c **** 
 180              		.loc 1 141 3 is_stmt 1 view .LVU51
 141:Core/Src/main.c **** 
 181              		.loc 1 141 36 is_stmt 0 view .LVU52
 182 0082 4FF48053 		mov	r3, #4096
 183 0086 0793     		str	r3, [sp, #28]
 143:Core/Src/main.c ****   {
 184              		.loc 1 143 3 is_stmt 1 view .LVU53
 143:Core/Src/main.c ****   {
 185              		.loc 1 143 7 is_stmt 0 view .LVU54
 186 0088 0521     		movs	r1, #5
 187 008a 03A8     		add	r0, sp, #12
 188 008c FFF7FEFF 		bl	HAL_RCC_ClockConfig
 189              	.LVL2:
 143:Core/Src/main.c ****   {
 190              		.loc 1 143 6 view .LVU55
 191 0090 20B9     		cbnz	r0, .L8
 147:Core/Src/main.c **** 
 192              		.loc 1 147 1 view .LVU56
 193 0092 15B0     		add	sp, sp, #84
 194              		.cfi_remember_state
 195              		.cfi_def_cfa_offset 4
 196              		@ sp needed
 197 0094 5DF804FB 		ldr	pc, [sp], #4
 198              	.L7:
 199              		.cfi_restore_state
 131:Core/Src/main.c ****   }
 200              		.loc 1 131 5 is_stmt 1 view .LVU57
 201 0098 FFF7FEFF 		bl	Error_Handler
 202              	.LVL3:
 203              	.L8:
 145:Core/Src/main.c ****   }
 204              		.loc 1 145 5 view .LVU58
 205 009c FFF7FEFF 		bl	Error_Handler
 206              	.LVL4:
 207              	.L10:
 208              		.align	2
 209              	.L9:
 210 00a0 00380240 		.word	1073887232
 211 00a4 00700040 		.word	1073770496
 212              		.cfi_endproc
 213              	.LFE131:
 215              		.section	.text.main,"ax",%progbits
ARM GAS  C:\Users\FASCIN~1\AppData\Local\Temp\ccb3MOyF.s 			page 11


 216              		.align	1
 217              		.global	main
 218              		.syntax unified
 219              		.thumb
 220              		.thumb_func
 221              		.fpu fpv4-sp-d16
 223              	main:
 224              	.LFB130:
  65:Core/Src/main.c **** 
 225              		.loc 1 65 1 view -0
 226              		.cfi_startproc
 227              		@ Volatile: function does not return.
 228              		@ args = 0, pretend = 0, frame = 0
 229              		@ frame_needed = 0, uses_anonymous_args = 0
 230 0000 08B5     		push	{r3, lr}
 231              		.cfi_def_cfa_offset 8
 232              		.cfi_offset 3, -8
 233              		.cfi_offset 14, -4
  74:Core/Src/main.c **** 
 234              		.loc 1 74 3 view .LVU60
 235 0002 FFF7FEFF 		bl	HAL_Init
 236              	.LVL5:
  81:Core/Src/main.c **** 
 237              		.loc 1 81 3 view .LVU61
 238 0006 FFF7FEFF 		bl	SystemClock_Config
 239              	.LVL6:
  88:Core/Src/main.c ****   /* USER CODE BEGIN 2 */
 240              		.loc 1 88 3 view .LVU62
 241 000a FFF7FEFF 		bl	MX_GPIO_Init
 242              	.LVL7:
 243              	.L12:
  95:Core/Src/main.c ****   {
 244              		.loc 1 95 3 discriminator 1 view .LVU63
 100:Core/Src/main.c ****   /* USER CODE END 3 */
 245              		.loc 1 100 3 discriminator 1 view .LVU64
  95:Core/Src/main.c ****   {
 246              		.loc 1 95 9 discriminator 1 view .LVU65
 247 000e FEE7     		b	.L12
 248              		.cfi_endproc
 249              	.LFE130:
 251              		.text
 252              	.Letext0:
 253              		.file 3 "c:\\users\\fascinating_sea\\.eide\\tools\\gcc_arm\\arm-none-eabi\\include\\machine\\_defa
 254              		.file 4 "c:\\users\\fascinating_sea\\.eide\\tools\\gcc_arm\\arm-none-eabi\\include\\sys\\_stdint.h
 255              		.file 5 "Drivers/CMSIS/Device/ST/STM32F4xx/Include/stm32f407xx.h"
 256              		.file 6 "Drivers/STM32F4xx_HAL_Driver/Inc/stm32f4xx_hal_rcc_ex.h"
 257              		.file 7 "Drivers/STM32F4xx_HAL_Driver/Inc/stm32f4xx_hal_rcc.h"
 258              		.file 8 "Drivers/STM32F4xx_HAL_Driver/Inc/stm32f4xx_hal.h"
 259              		.file 9 "Core/Inc/gpio.h"
 260              		.file 10 "Drivers/STM32F4xx_HAL_Driver/Inc/stm32f4xx_hal_def.h"
 261              		.file 11 "<built-in>"
ARM GAS  C:\Users\FASCIN~1\AppData\Local\Temp\ccb3MOyF.s 			page 12


DEFINED SYMBOLS
                            *ABS*:00000000 main.c
C:\Users\FASCIN~1\AppData\Local\Temp\ccb3MOyF.s:18     .text.Error_Handler:00000000 $t
C:\Users\FASCIN~1\AppData\Local\Temp\ccb3MOyF.s:26     .text.Error_Handler:00000000 Error_Handler
C:\Users\FASCIN~1\AppData\Local\Temp\ccb3MOyF.s:59     .text.SystemClock_Config:00000000 $t
C:\Users\FASCIN~1\AppData\Local\Temp\ccb3MOyF.s:66     .text.SystemClock_Config:00000000 SystemClock_Config
C:\Users\FASCIN~1\AppData\Local\Temp\ccb3MOyF.s:210    .text.SystemClock_Config:000000a0 $d
C:\Users\FASCIN~1\AppData\Local\Temp\ccb3MOyF.s:216    .text.main:00000000 $t
C:\Users\FASCIN~1\AppData\Local\Temp\ccb3MOyF.s:223    .text.main:00000000 main

UNDEFINED SYMBOLS
memset
HAL_RCC_OscConfig
HAL_RCC_ClockConfig
HAL_Init
MX_GPIO_Init
